<?xml version="1.0" encoding="UTF-8"?>
<!-- Generated by org.testng.reporters.JUnitXMLReporter -->
<testsuite ignored="0" hostname="DESKTOP-430T6C4" failures="0" tests="3" name="Default test" time="5.389" errors="0" timestamp="2023-04-21T23:31:20 IST">
  <testcase classname="restAssured.HttpRequest" name="Getrequest" time="3.615"/>
  <testcase classname="restAssured.HttpRequest" name="postRequest" time="0.955"/>
  <testcase classname="restAssured.HttpRequest" name="UpdatRequest" time="0.755"/>
</testsuite> <!-- Default test -->
