<?xml version="1.0" encoding="UTF-8"?>
<!-- Generated by org.testng.reporters.JUnitXMLReporter -->
<testsuite ignored="0" hostname="DESKTOP-430T6C4" failures="0" tests="4" name="Default test" time="5.878" errors="0" timestamp="2023-04-21T23:03:36 IST">
  <testcase classname="restAssuredpakage.HttpReq" name="Getrequest" time="3.443"/>
  <testcase classname="restAssuredpakage.HttpReq" name="postRequest" time="1.131"/>
  <testcase classname="restAssuredpakage.HttpReq" name="UpdatRequest" time="0.624"/>
  <testcase classname="restAssuredpakage.HttpReq" name="deletuser" time="0.623"/>
</testsuite> <!-- Default test -->
