<?xml version="1.0" encoding="UTF-8"?>
<testng-results ignored="0" total="4" passed="4" failed="0" skipped="0">
  <reporter-output>
  </reporter-output>
  <suite started-at="2023-04-21T23:03:30 IST" name="Default suite" finished-at="2023-04-21T23:03:36 IST" duration-ms="5878">
    <groups>
    </groups>
    <test started-at="2023-04-21T23:03:30 IST" name="Default test" finished-at="2023-04-21T23:03:36 IST" duration-ms="5878">
      <class name="restAssuredpakage.HttpReq">
        <test-method signature="Getrequest()[pri:1, instance:restAssuredpakage.HttpReq@223191a6]" started-at="2023-04-21T23:03:30 IST" name="Getrequest" finished-at="2023-04-21T23:03:33 IST" duration-ms="3443" status="PASS">
          <reporter-output>
          </reporter-output>
        </test-method> <!-- Getrequest -->
        <test-method signature="postRequest()[pri:2, instance:restAssuredpakage.HttpReq@223191a6]" started-at="2023-04-21T23:03:33 IST" name="postRequest" finished-at="2023-04-21T23:03:34 IST" duration-ms="1131" status="PASS">
          <reporter-output>
          </reporter-output>
        </test-method> <!-- postRequest -->
        <test-method signature="UpdatRequest()[pri:3, instance:restAssuredpakage.HttpReq@223191a6]" started-at="2023-04-21T23:03:34 IST" name="UpdatRequest" finished-at="2023-04-21T23:03:35 IST" duration-ms="624" status="PASS">
          <reporter-output>
          </reporter-output>
        </test-method> <!-- UpdatRequest -->
        <test-method signature="deletuser()[pri:4, instance:restAssuredpakage.HttpReq@223191a6]" started-at="2023-04-21T23:03:35 IST" name="deletuser" finished-at="2023-04-21T23:03:36 IST" duration-ms="623" status="PASS">
          <reporter-output>
          </reporter-output>
        </test-method> <!-- deletuser -->
      </class> <!-- restAssuredpakage.HttpReq -->
    </test> <!-- Default test -->
  </suite> <!-- Default suite -->
</testng-results>
