<?xml version="1.0" encoding="UTF-8"?>
<testng-results ignored="0" total="1" passed="1" failed="0" skipped="0">
  <reporter-output>
  </reporter-output>
  <suite started-at="2023-04-15T18:13:52 IST" name="Default suite" finished-at="2023-04-15T18:14:02 IST" duration-ms="9963">
    <groups>
    </groups>
    <test started-at="2023-04-15T18:13:52 IST" name="Default test" finished-at="2023-04-15T18:14:02 IST" duration-ms="9963">
      <class name="testCases.LoginTest">
        <test-method signature="TestMethod()[pri:0, instance:testCases.LoginTest@6b927fb]" started-at="2023-04-15T18:13:52 IST" name="TestMethod" finished-at="2023-04-15T18:14:02 IST" duration-ms="9911" status="PASS">
          <reporter-output>
          </reporter-output>
        </test-method> <!-- TestMethod -->
      </class> <!-- testCases.LoginTest -->
    </test> <!-- Default test -->
  </suite> <!-- Default suite -->
</testng-results>
